[debug] [2023-09-19T09:55:55.114Z] ----------------------------------------------------------------------
[debug] [2023-09-19T09:55:55.117Z] Command:       C:\Program Files\nodejs\node.exe C:\Users\lapu\AppData\Roaming\npm\node_modules\firebase-tools\lib\bin\firebase.js init
[debug] [2023-09-19T09:55:55.118Z] CLI Version:   12.5.4
[debug] [2023-09-19T09:55:55.119Z] Platform:      win32
[debug] [2023-09-19T09:55:55.119Z] Node Version:  v18.17.1
[debug] [2023-09-19T09:55:55.120Z] Time:          Tue Sep 19 2023 11:55:55 GMT+0200 (hora de verano de Europa central)
[debug] [2023-09-19T09:55:55.120Z] ----------------------------------------------------------------------
[debug] 
[debug] [2023-09-19T09:55:55.139Z] > command requires scopes: ["email","openid","https://www.googleapis.com/auth/cloudplatformprojects.readonly","https://www.googleapis.com/auth/firebase","https://www.googleapis.com/auth/cloud-platform"]
[debug] [2023-09-19T09:55:55.140Z] > authorizing via signed-in user (lapu.torres@gmail.com)
[info] 
     ######## #### ########  ######## ########     ###     ######  ########
     ##        ##  ##     ## ##       ##     ##  ##   ##  ##       ##
     ######    ##  ########  ######   ########  #########  ######  ######
     ##        ##  ##    ##  ##       ##     ## ##     ##       ## ##
     ##       #### ##     ## ######## ########  ##     ##  ######  ########

You're about to initialize a Firebase project in this directory:

  C:\Users\lapu\Documents\proyectos\wordpress-migrate

[info] 
=== Project Setup
[info] 
[info] First, let's associate this project directory with a Firebase project.
[info] You can create multiple project aliases by running firebase use --add, 
[info] but for now we'll just set up a default project.
[info] 
[debug] [2023-09-19T09:56:47.779Z] >>> [apiv2][query] GET https://firebase.googleapis.com/v1beta1/projects pageSize=100
[debug] [2023-09-19T09:56:48.217Z] <<< [apiv2][status] GET https://firebase.googleapis.com/v1beta1/projects 200
[debug] [2023-09-19T09:56:48.218Z] <<< [apiv2][body] GET https://firebase.googleapis.com/v1beta1/projects [omitted]
[info] i  Using project mi-primer-proyecto-angular (mi primer proyecto angular) 
[info] 
=== Database Setup
[info] i  database: ensuring required API firebasedatabase.googleapis.com is enabled... 
[debug] [2023-09-19T09:56:51.547Z] >>> [apiv2][query] GET https://serviceusage.googleapis.com/v1/projects/mi-primer-proyecto-angular/services/firebasedatabase.googleapis.com [none]
[debug] [2023-09-19T09:56:51.548Z] >>> [apiv2][(partial)header] GET https://serviceusage.googleapis.com/v1/projects/mi-primer-proyecto-angular/services/firebasedatabase.googleapis.com x-goog-quota-user=projects/mi-primer-proyecto-angular
[debug] [2023-09-19T09:56:51.880Z] <<< [apiv2][status] GET https://serviceusage.googleapis.com/v1/projects/mi-primer-proyecto-angular/services/firebasedatabase.googleapis.com 200
[debug] [2023-09-19T09:56:51.881Z] <<< [apiv2][body] GET https://serviceusage.googleapis.com/v1/projects/mi-primer-proyecto-angular/services/firebasedatabase.googleapis.com [omitted]
[warn] !  database: missing required API firebasedatabase.googleapis.com. Enabling now... 
[debug] [2023-09-19T09:56:51.883Z] >>> [apiv2][query] POST https://serviceusage.googleapis.com/v1/projects/mi-primer-proyecto-angular/services/firebasedatabase.googleapis.com:enable [none]
[debug] [2023-09-19T09:56:51.883Z] >>> [apiv2][(partial)header] POST https://serviceusage.googleapis.com/v1/projects/mi-primer-proyecto-angular/services/firebasedatabase.googleapis.com:enable x-goog-quota-user=projects/mi-primer-proyecto-angular
[debug] [2023-09-19T09:56:52.457Z] <<< [apiv2][status] POST https://serviceusage.googleapis.com/v1/projects/mi-primer-proyecto-angular/services/firebasedatabase.googleapis.com:enable 200
[debug] [2023-09-19T09:56:52.458Z] <<< [apiv2][body] POST https://serviceusage.googleapis.com/v1/projects/mi-primer-proyecto-angular/services/firebasedatabase.googleapis.com:enable [omitted]
[debug] [2023-09-19T09:57:02.473Z] >>> [apiv2][query] GET https://serviceusage.googleapis.com/v1/projects/mi-primer-proyecto-angular/services/firebasedatabase.googleapis.com [none]
[debug] [2023-09-19T09:57:02.473Z] >>> [apiv2][(partial)header] GET https://serviceusage.googleapis.com/v1/projects/mi-primer-proyecto-angular/services/firebasedatabase.googleapis.com x-goog-quota-user=projects/mi-primer-proyecto-angular
[debug] [2023-09-19T09:57:02.936Z] <<< [apiv2][status] GET https://serviceusage.googleapis.com/v1/projects/mi-primer-proyecto-angular/services/firebasedatabase.googleapis.com 200
[debug] [2023-09-19T09:57:02.936Z] <<< [apiv2][body] GET https://serviceusage.googleapis.com/v1/projects/mi-primer-proyecto-angular/services/firebasedatabase.googleapis.com [omitted]
[info] +  database: required API firebasedatabase.googleapis.com is enabled 
[info] 
[debug] [2023-09-19T09:57:02.944Z] >>> [apiv2][query] GET https://firebase.googleapis.com/v1beta1/projects/mi-primer-proyecto-angular [none]
[debug] [2023-09-19T09:57:03.221Z] <<< [apiv2][status] GET https://firebase.googleapis.com/v1beta1/projects/mi-primer-proyecto-angular 200
[debug] [2023-09-19T09:57:03.221Z] <<< [apiv2][body] GET https://firebase.googleapis.com/v1beta1/projects/mi-primer-proyecto-angular {"projectId":"mi-primer-proyecto-angular","projectNumber":"42610775919","displayName":"mi primer proyecto angular","name":"projects/mi-primer-proyecto-angular","resources":{"hostingSite":"mi-primer-proyecto-angular"},"state":"ACTIVE","etag":"1_7b950244-c02b-4ee2-b718-9f0a1d8ac4f3"}
[debug] [2023-09-19T09:57:16.452Z] >>> [apiv2][query] POST https://firebasedatabase.googleapis.com/v1beta/projects/mi-primer-proyecto-angular/locations/us-central1/instances databaseId=mi-primer-proyecto-angular-default-rtdb&validateOnly=true
[debug] [2023-09-19T09:57:16.453Z] >>> [apiv2][body] POST https://firebasedatabase.googleapis.com/v1beta/projects/mi-primer-proyecto-angular/locations/us-central1/instances {"type":"default_database"}
[debug] [2023-09-19T09:57:17.169Z] <<< [apiv2][status] POST https://firebasedatabase.googleapis.com/v1beta/projects/mi-primer-proyecto-angular/locations/us-central1/instances 200
[debug] [2023-09-19T09:57:17.169Z] <<< [apiv2][body] POST https://firebasedatabase.googleapis.com/v1beta/projects/mi-primer-proyecto-angular/locations/us-central1/instances {"name":"projects/42610775919/locations/us-central1/instances/mi-primer-proyecto-angular-default-rtdb","project":"projects/42610775919","databaseUrl":"https://mi-primer-proyecto-angular-default-rtdb.firebaseio.com","type":"DEFAULT_DATABASE","state":"ACTIVE"}
[debug] [2023-09-19T09:57:17.172Z] >>> [apiv2][query] POST https://firebasedatabase.googleapis.com/v1beta/projects/mi-primer-proyecto-angular/locations/us-central1/instances databaseId=mi-primer-proyecto-angular-default-rtdb
[debug] [2023-09-19T09:57:17.172Z] >>> [apiv2][body] POST https://firebasedatabase.googleapis.com/v1beta/projects/mi-primer-proyecto-angular/locations/us-central1/instances {"type":"default_database"}
[debug] [2023-09-19T09:57:17.937Z] <<< [apiv2][status] POST https://firebasedatabase.googleapis.com/v1beta/projects/mi-primer-proyecto-angular/locations/us-central1/instances 200
[debug] [2023-09-19T09:57:17.937Z] <<< [apiv2][body] POST https://firebasedatabase.googleapis.com/v1beta/projects/mi-primer-proyecto-angular/locations/us-central1/instances {"name":"projects/42610775919/locations/us-central1/instances/mi-primer-proyecto-angular-default-rtdb","project":"projects/42610775919","databaseUrl":"https://mi-primer-proyecto-angular-default-rtdb.firebaseio.com","type":"DEFAULT_DATABASE","state":"ACTIVE"}
[info] 
[info] Firebase Realtime Database Security Rules allow you to define how your data should be
[info] structured and when your data can be read from and written to.
[info] 
[debug] [2023-09-19T09:57:26.347Z] >>> [apiv2][query] GET https://mi-primer-proyecto-angular-default-rtdb.firebaseio.com/.settings/rules.json [none]
[debug] [2023-09-19T09:57:27.080Z] <<< [apiv2][status] GET https://mi-primer-proyecto-angular-default-rtdb.firebaseio.com/.settings/rules.json 200
[debug] [2023-09-19T09:57:27.081Z] <<< [apiv2][body] GET https://mi-primer-proyecto-angular-default-rtdb.firebaseio.com/.settings/rules.json [stream]
[info] +  Database Rules for mi-primer-proyecto-angular-default-rtdb have been written to database.rules.json. 
[info] Future modifications to database.rules.json will update Realtime Database Security Rules when you run
[info] firebase deploy.
[info] 
=== Firestore Setup
[debug] [2023-09-19T09:57:27.088Z] >>> [apiv2][query] GET https://serviceusage.googleapis.com/v1/projects/mi-primer-proyecto-angular/services/firestore.googleapis.com [none]
[debug] [2023-09-19T09:57:27.089Z] >>> [apiv2][(partial)header] GET https://serviceusage.googleapis.com/v1/projects/mi-primer-proyecto-angular/services/firestore.googleapis.com x-goog-quota-user=projects/mi-primer-proyecto-angular
[debug] [2023-09-19T09:57:27.850Z] <<< [apiv2][status] GET https://serviceusage.googleapis.com/v1/projects/mi-primer-proyecto-angular/services/firestore.googleapis.com 200
[debug] [2023-09-19T09:57:27.850Z] <<< [apiv2][body] GET https://serviceusage.googleapis.com/v1/projects/mi-primer-proyecto-angular/services/firestore.googleapis.com [omitted]
[debug] [2023-09-19T09:57:27.851Z] >>> [apiv2][query] GET https://firestore.googleapis.com/v1/projects/mi-primer-proyecto-angular/databases/(default) [none]
[debug] [2023-09-19T09:57:28.243Z] <<< [apiv2][status] GET https://firestore.googleapis.com/v1/projects/mi-primer-proyecto-angular/databases/(default) 200
[debug] [2023-09-19T09:57:28.243Z] <<< [apiv2][body] GET https://firestore.googleapis.com/v1/projects/mi-primer-proyecto-angular/databases/(default) {"name":"projects/mi-primer-proyecto-angular/databases/(default)","uid":"4a07b8f5-8a4b-4a37-b161-a1a3c0203a6c","createTime":"2023-07-29T03:17:52.185401Z","updateTime":"2023-07-29T03:17:52.185401Z","locationId":"nam5","type":"FIRESTORE_NATIVE","concurrencyMode":"PESSIMISTIC","versionRetentionPeriod":"3600s","earliestVersionTime":"2023-09-19T16:58:03.789543Z","appEngineIntegrationMode":"DISABLED","keyPrefix":"s","pointInTimeRecoveryEnablement":"POINT_IN_TIME_RECOVERY_DISABLED","deleteProtectionState":"DELETE_PROTECTION_DISABLED","etag":"INDU2YCgt4EDMITdpYu+rYED"}
[debug] [2023-09-19T09:57:28.243Z] database_type: FIRESTORE_NATIVE
[debug] [2023-09-19T09:57:28.245Z] > command requires scopes: ["email","openid","https://www.googleapis.com/auth/cloudplatformprojects.readonly","https://www.googleapis.com/auth/firebase","https://www.googleapis.com/auth/cloud-platform"]
[debug] [2023-09-19T09:57:28.245Z] > authorizing via signed-in user (lapu.torres@gmail.com)
[debug] [2023-09-19T09:57:28.245Z] [iam] checking project mi-primer-proyecto-angular for permissions ["firebase.projects.get"]
[debug] [2023-09-19T09:57:28.246Z] >>> [apiv2][query] POST https://cloudresourcemanager.googleapis.com/v1/projects/mi-primer-proyecto-angular:testIamPermissions [none]
[debug] [2023-09-19T09:57:28.246Z] >>> [apiv2][(partial)header] POST https://cloudresourcemanager.googleapis.com/v1/projects/mi-primer-proyecto-angular:testIamPermissions x-goog-quota-user=projects/mi-primer-proyecto-angular
[debug] [2023-09-19T09:57:28.246Z] >>> [apiv2][body] POST https://cloudresourcemanager.googleapis.com/v1/projects/mi-primer-proyecto-angular:testIamPermissions {"permissions":["firebase.projects.get"]}
[debug] [2023-09-19T09:57:28.721Z] <<< [apiv2][status] POST https://cloudresourcemanager.googleapis.com/v1/projects/mi-primer-proyecto-angular:testIamPermissions 200
[debug] [2023-09-19T09:57:28.721Z] <<< [apiv2][body] POST https://cloudresourcemanager.googleapis.com/v1/projects/mi-primer-proyecto-angular:testIamPermissions {"permissions":["firebase.projects.get"]}
[info] 
[info] Firestore Security Rules allow you to define how and when to allow
[info] requests. You can keep these rules in your project directory
[info] and publish them with firebase deploy.
[info] 
[debug] [2023-09-19T09:57:39.130Z] >>> [apiv2][query] GET https://firebaserules.googleapis.com/v1/projects/mi-primer-proyecto-angular/releases pageSize=10&pageToken=
[debug] [2023-09-19T09:57:39.444Z] <<< [apiv2][status] GET https://firebaserules.googleapis.com/v1/projects/mi-primer-proyecto-angular/releases 200
[debug] [2023-09-19T09:57:39.445Z] <<< [apiv2][body] GET https://firebaserules.googleapis.com/v1/projects/mi-primer-proyecto-angular/releases {"releases":[{"name":"projects/mi-primer-proyecto-angular/releases/cloud.firestore","rulesetName":"projects/mi-primer-proyecto-angular/rulesets/51b8fe91-2cf3-465f-886b-e9a126a91d98","createTime":"2023-07-29T03:17:54.046891Z","updateTime":"2023-07-29T03:17:54.046891Z"}]}
[debug] [2023-09-19T09:57:39.445Z] Found ruleset: projects/mi-primer-proyecto-angular/rulesets/51b8fe91-2cf3-465f-886b-e9a126a91d98
[debug] [2023-09-19T09:57:39.445Z] >>> [apiv2][query] GET https://firebaserules.googleapis.com/v1/projects/mi-primer-proyecto-angular/rulesets/51b8fe91-2cf3-465f-886b-e9a126a91d98 [none]
[debug] [2023-09-19T09:57:39.635Z] <<< [apiv2][status] GET https://firebaserules.googleapis.com/v1/projects/mi-primer-proyecto-angular/rulesets/51b8fe91-2cf3-465f-886b-e9a126a91d98 200
[debug] [2023-09-19T09:57:39.636Z] <<< [apiv2][body] GET https://firebaserules.googleapis.com/v1/projects/mi-primer-proyecto-angular/rulesets/51b8fe91-2cf3-465f-886b-e9a126a91d98 [omitted]
[info] 
[info] Firestore indexes allow you to perform complex queries while
[info] maintaining performance that scales with the size of the result
[info] set. You can keep index definitions in your project directory
[info] and publish them with firebase deploy.
[info] 
[debug] [2023-09-19T09:57:42.327Z] >>> [apiv2][query] GET https://firestore.googleapis.com/v1/projects/mi-primer-proyecto-angular/databases/(default)/collectionGroups/-/indexes [none]
[debug] [2023-09-19T09:57:42.329Z] >>> [apiv2][query] GET https://firestore.googleapis.com/v1/projects/mi-primer-proyecto-angular/databases/(default)/collectionGroups/-/fields?filter=indexConfig.usesAncestorConfig=false OR ttlConfig:* [none]
[debug] [2023-09-19T09:57:42.719Z] <<< [apiv2][status] GET https://firestore.googleapis.com/v1/projects/mi-primer-proyecto-angular/databases/(default)/collectionGroups/-/fields?filter=indexConfig.usesAncestorConfig=false OR ttlConfig:* 200
[debug] [2023-09-19T09:57:42.719Z] <<< [apiv2][body] GET https://firestore.googleapis.com/v1/projects/mi-primer-proyecto-angular/databases/(default)/collectionGroups/-/fields?filter=indexConfig.usesAncestorConfig=false OR ttlConfig:* {"fields":[{"name":"projects/mi-primer-proyecto-angular/databases/(default)/collectionGroups/__default__/fields/*","indexConfig":{"indexes":[{"queryScope":"COLLECTION","fields":[{"fieldPath":"*","order":"ASCENDING"}],"state":"READY"},{"queryScope":"COLLECTION","fields":[{"fieldPath":"*","order":"DESCENDING"}],"state":"READY"},{"queryScope":"COLLECTION","fields":[{"fieldPath":"*","arrayConfig":"CONTAINS"}],"state":"READY"}]}}]}
[debug] [2023-09-19T09:57:42.727Z] <<< [apiv2][status] GET https://firestore.googleapis.com/v1/projects/mi-primer-proyecto-angular/databases/(default)/collectionGroups/-/indexes 200
[debug] [2023-09-19T09:57:42.727Z] <<< [apiv2][body] GET https://firestore.googleapis.com/v1/projects/mi-primer-proyecto-angular/databases/(default)/collectionGroups/-/indexes {}
[info] 
=== Functions Setup
[debug] [2023-09-19T09:57:42.736Z] > command requires scopes: ["email","openid","https://www.googleapis.com/auth/cloudplatformprojects.readonly","https://www.googleapis.com/auth/firebase","https://www.googleapis.com/auth/cloud-platform"]
[debug] [2023-09-19T09:57:42.736Z] > authorizing via signed-in user (lapu.torres@gmail.com)
[debug] [2023-09-19T09:57:42.736Z] [iam] checking project mi-primer-proyecto-angular for permissions ["firebase.projects.get"]
[debug] [2023-09-19T09:57:42.737Z] >>> [apiv2][query] POST https://cloudresourcemanager.googleapis.com/v1/projects/mi-primer-proyecto-angular:testIamPermissions [none]
[debug] [2023-09-19T09:57:42.737Z] >>> [apiv2][(partial)header] POST https://cloudresourcemanager.googleapis.com/v1/projects/mi-primer-proyecto-angular:testIamPermissions x-goog-quota-user=projects/mi-primer-proyecto-angular
[debug] [2023-09-19T09:57:42.737Z] >>> [apiv2][body] POST https://cloudresourcemanager.googleapis.com/v1/projects/mi-primer-proyecto-angular:testIamPermissions {"permissions":["firebase.projects.get"]}
[debug] [2023-09-19T09:57:43.058Z] <<< [apiv2][status] POST https://cloudresourcemanager.googleapis.com/v1/projects/mi-primer-proyecto-angular:testIamPermissions 200
[debug] [2023-09-19T09:57:43.059Z] <<< [apiv2][body] POST https://cloudresourcemanager.googleapis.com/v1/projects/mi-primer-proyecto-angular:testIamPermissions {"permissions":["firebase.projects.get"]}
[debug] [2023-09-19T09:57:43.059Z] >>> [apiv2][query] GET https://serviceusage.googleapis.com/v1/projects/mi-primer-proyecto-angular/services/cloudfunctions.googleapis.com [none]
[debug] [2023-09-19T09:57:43.059Z] >>> [apiv2][(partial)header] GET https://serviceusage.googleapis.com/v1/projects/mi-primer-proyecto-angular/services/cloudfunctions.googleapis.com x-goog-quota-user=projects/mi-primer-proyecto-angular
[debug] [2023-09-19T09:57:43.063Z] >>> [apiv2][query] GET https://serviceusage.googleapis.com/v1/projects/mi-primer-proyecto-angular/services/runtimeconfig.googleapis.com [none]
[debug] [2023-09-19T09:57:43.064Z] >>> [apiv2][(partial)header] GET https://serviceusage.googleapis.com/v1/projects/mi-primer-proyecto-angular/services/runtimeconfig.googleapis.com x-goog-quota-user=projects/mi-primer-proyecto-angular
[debug] [2023-09-19T09:57:43.445Z] <<< [apiv2][status] GET https://serviceusage.googleapis.com/v1/projects/mi-primer-proyecto-angular/services/cloudfunctions.googleapis.com 200
[debug] [2023-09-19T09:57:43.445Z] <<< [apiv2][body] GET https://serviceusage.googleapis.com/v1/projects/mi-primer-proyecto-angular/services/cloudfunctions.googleapis.com [omitted]
[debug] [2023-09-19T09:57:43.447Z] >>> [apiv2][query] POST https://serviceusage.googleapis.com/v1/projects/mi-primer-proyecto-angular/services/cloudfunctions.googleapis.com:enable [none]
[debug] [2023-09-19T09:57:43.447Z] >>> [apiv2][(partial)header] POST https://serviceusage.googleapis.com/v1/projects/mi-primer-proyecto-angular/services/cloudfunctions.googleapis.com:enable x-goog-quota-user=projects/mi-primer-proyecto-angular
[debug] [2023-09-19T09:57:43.507Z] <<< [apiv2][status] GET https://serviceusage.googleapis.com/v1/projects/mi-primer-proyecto-angular/services/runtimeconfig.googleapis.com 200
[debug] [2023-09-19T09:57:43.508Z] <<< [apiv2][body] GET https://serviceusage.googleapis.com/v1/projects/mi-primer-proyecto-angular/services/runtimeconfig.googleapis.com [omitted]
[debug] [2023-09-19T09:57:44.069Z] <<< [apiv2][status] POST https://serviceusage.googleapis.com/v1/projects/mi-primer-proyecto-angular/services/cloudfunctions.googleapis.com:enable 200
[debug] [2023-09-19T09:57:44.069Z] <<< [apiv2][body] POST https://serviceusage.googleapis.com/v1/projects/mi-primer-proyecto-angular/services/cloudfunctions.googleapis.com:enable [omitted]
[debug] [2023-09-19T09:57:54.071Z] >>> [apiv2][query] GET https://serviceusage.googleapis.com/v1/projects/mi-primer-proyecto-angular/services/cloudfunctions.googleapis.com [none]
[debug] [2023-09-19T09:57:54.071Z] >>> [apiv2][(partial)header] GET https://serviceusage.googleapis.com/v1/projects/mi-primer-proyecto-angular/services/cloudfunctions.googleapis.com x-goog-quota-user=projects/mi-primer-proyecto-angular
[debug] [2023-09-19T09:57:54.465Z] <<< [apiv2][status] GET https://serviceusage.googleapis.com/v1/projects/mi-primer-proyecto-angular/services/cloudfunctions.googleapis.com 200
[debug] [2023-09-19T09:57:54.465Z] <<< [apiv2][body] GET https://serviceusage.googleapis.com/v1/projects/mi-primer-proyecto-angular/services/cloudfunctions.googleapis.com [omitted]
[info] Let's create a new codebase for your functions.
[info] A directory corresponding to the codebase will be created in your project
[info] with sample code pre-configured.

[info] See https://firebase.google.com/docs/functions/organize-functions for
[info] more information on organizing your functions using codebases.

[info] Functions can be deployed with firebase deploy.

[info] +  Wrote functions/package.json 
[info] +  Wrote functions/.eslintrc.js 
[info] +  Wrote functions/tsconfig.json 
[info] +  Wrote functions/tsconfig.dev.json 
[info] +  Wrote functions/src/index.ts 
[info] +  Wrote functions/.gitignore 
[info] 
=== Hosting Setup
[info] 
[info] Your public directory is the folder (relative to your project directory) that
[info] will contain Hosting assets to be uploaded with firebase deploy. If you
[info] have a build process for your assets, use your build's output directory.
[info] 
[debug] [2023-09-19T10:02:49.362Z] >>> [apiv2][query] GET https://www.gstatic.com/firebasejs/releases.json [none]
[debug] [2023-09-19T10:02:49.528Z] <<< [apiv2][status] GET https://www.gstatic.com/firebasejs/releases.json 200
[debug] [2023-09-19T10:02:49.528Z] <<< [apiv2][body] GET https://www.gstatic.com/firebasejs/releases.json {"current":{"version":"10.4.0","browserURL":"https://www.gstatic.com/firebasejs/10.4.0/firebase.js","packageURL":"https://www.gstatic.com/firebasejs/10.4.0/firebase.tgz"},"live":{"version":"10.4","browserURL":"https://www.gstatic.com/firebasejs/live/10.4/firebase.js","packageURL":"https://www.gstatic.com/firebasejs/live/10.4/firebase.tgz"},"components":{"analytics":"https://www.gstatic.com/firebasejs/10.4.0/firebase-analytics.js","app":"https://www.gstatic.com/firebasejs/10.4.0/firebase-app.js","app-check":"https://www.gstatic.com/firebasejs/10.4.0/firebase-app-check.js","auth":"https://www.gstatic.com/firebasejs/10.4.0/firebase-auth.js","auth/cordova":"https://www.gstatic.com/firebasejs/10.4.0/firebase-auth/cordova.js","functions":"https://www.gstatic.com/firebasejs/10.4.0/firebase-functions.js","firestore":"https://www.gstatic.com/firebasejs/10.4.0/firebase-firestore.js","firestore/lite":"https://www.gstatic.com/firebasejs/10.4.0/firebase-firestore/lite.js","installations":"https://www.gstatic.com/firebasejs/10.4.0/firebase-installations.js","storage":"https://www.gstatic.com/firebasejs/10.4.0/firebase-storage.js","performance":"https://www.gstatic.com/firebasejs/10.4.0/firebase-performance.js","remote-config":"https://www.gstatic.com/firebasejs/10.4.0/firebase-remote-config.js","messaging":"https://www.gstatic.com/firebasejs/10.4.0/firebase-messaging.js","messaging/sw":"https://www.gstatic.com/firebasejs/10.4.0/firebase-messaging/sw.js","database":"https://www.gstatic.com/firebasejs/10.4.0/firebase-database.js","firestore.memory":"https://www.gstatic.com/firebasejs/10.4.0/firebase-firestore.memory.js"}}
[info] +  Wrote public/index.html 
[info] 
[info] i  Detected a .git folder at C:\Users\lapu\Documents\proyectos\wordpress-migrate 
[info] i  Authorizing with GitHub to upload your service account to a GitHub repository's secrets store. 
[info] 
[info] Visit this URL on this device to log in:
[info] https://github.com/login/oauth/authorize?client_id=89cf50f02ac6aaed3484&state=700016524&redirect_uri=http%3A%2F%2Flocalhost%3A9005&scope=read%3Auser%20repo%20public_repo
[info] 
[info] Waiting for authentication...
[debug] [2023-09-19T10:03:01.261Z] >>> [apiv2][query] POST https://github.com/login/oauth/access_token [none]
[debug] [2023-09-19T10:03:01.261Z] >>> [apiv2][body] POST https://github.com/login/oauth/access_token [stream]
[debug] [2023-09-19T10:03:01.691Z] <<< [apiv2][status] POST https://github.com/login/oauth/access_token 200
[debug] [2023-09-19T10:03:01.692Z] <<< [apiv2][body] POST https://github.com/login/oauth/access_token {"access_token":"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","token_type":"bearer","scope":"read:user,repo"}
[debug] [2023-09-19T10:03:01.705Z] >>> [apiv2][query] GET https://api.github.com/user [none]
[debug] [2023-09-19T10:03:02.209Z] <<< [apiv2][status] GET https://api.github.com/user 200
[debug] [2023-09-19T10:03:02.209Z] <<< [apiv2][body] GET https://api.github.com/user {"login":"laputorres","id":78594233,"node_id":"MDQ6VXNlcjc4NTk0MjMz","avatar_url":"https://avatars.githubusercontent.com/u/78594233?v=4","gravatar_id":"","url":"https://api.github.com/users/laputorres","html_url":"https://github.com/laputorres","followers_url":"https://api.github.com/users/laputorres/followers","following_url":"https://api.github.com/users/laputorres/following{/other_user}","gists_url":"https://api.github.com/users/laputorres/gists{/gist_id}","starred_url":"https://api.github.com/users/laputorres/starred{/owner}{/repo}","subscriptions_url":"https://api.github.com/users/laputorres/subscriptions","organizations_url":"https://api.github.com/users/laputorres/orgs","repos_url":"https://api.github.com/users/laputorres/repos","events_url":"https://api.github.com/users/laputorres/events{/privacy}","received_events_url":"https://api.github.com/users/laputorres/received_events","type":"User","site_admin":false,"name":null,"company":null,"blog":"","location":null,"email":null,"hireable":null,"bio":null,"twitter_username":null,"public_repos":19,"public_gists":0,"followers":0,"following":1,"created_at":"2021-02-05T10:32:27Z","updated_at":"2023-09-06T18:36:42Z","private_gists":0,"total_private_repos":8,"owned_private_repos":8,"disk_usage":105562,"collaborators":0,"two_factor_authentication":false,"plan":{"name":"free","space":976562499,"collaborators":0,"private_repos":10000}}
[info] 
[info] +  Success! Logged into GitHub as laputorres 
[info] 
[debug] [2023-09-19T10:03:19.052Z] >>> [apiv2][query] GET https://api.github.com/repos//actions/secrets/public-key type=owner
[debug] [2023-09-19T10:03:19.396Z] <<< [apiv2][status] GET https://api.github.com/repos//actions/secrets/public-key 404
[debug] [2023-09-19T10:03:19.396Z] <<< [apiv2][body] GET https://api.github.com/repos//actions/secrets/public-key {"message":"Not Found","documentation_url":"https://docs.github.com/rest"}
[info] 
[info] 
[error] !  The provided authorization cannot be used with this repository. If this repository is in an organization, did you remember to grant access? 
[info] 
[info] i  Action required: Visit this URL to ensure access has been granted to the appropriate organization(s) for the Firebase CLI GitHub OAuth App: 
[info] https://github.com/settings/connections/applications/89cf50f02ac6aaed3484
[info] 
[debug] [2023-09-19T10:03:21.619Z] >>> [apiv2][query] GET https://api.github.com/repos//actions/secrets/public-key type=owner
[debug] [2023-09-19T10:03:22.078Z] <<< [apiv2][status] GET https://api.github.com/repos//actions/secrets/public-key 404
[debug] [2023-09-19T10:03:22.078Z] <<< [apiv2][body] GET https://api.github.com/repos//actions/secrets/public-key {"message":"Not Found","documentation_url":"https://docs.github.com/rest"}
[info] 
[info] 
[error] !  The provided authorization cannot be used with this repository. If this repository is in an organization, did you remember to grant access? 
[info] 
[info] i  Action required: Visit this URL to ensure access has been granted to the appropriate organization(s) for the Firebase CLI GitHub OAuth App: 
[info] https://github.com/settings/connections/applications/89cf50f02ac6aaed3484
[info] 
